#
# There is insufficient memory for the Java Runtime Environment to continue.
# Native memory allocation (malloc) failed to allocate 52736 bytes for Chunk::new
# Possible reasons:
#   The system is out of physical RAM or swap space
#   In 32 bit mode, the process size limit was hit
# Possible solutions:
#   Reduce memory load on the system
#   Increase physical memory or swap space
#   Check if swap backing store is full
#   Use 64 bit Java on a 64 bit OS
#   Decrease Java heap size (-Xmx/-Xms)
#   Decrease number of Java threads
#   Decrease Java thread stack sizes (-Xss)
#   Set larger code cache with -XX:ReservedCodeCacheSize=
# This output file may be truncated or incomplete.
#
#  Out of Memory Error (allocation.cpp:325), pid=6096, tid=7980
#
# JRE version: 7.0-b147
# Java VM: Java HotSpot(TM) 64-Bit Server VM (21.0-b17 mixed mode windows-amd64 compressed oops)
# Failed to write core dump. Minidumps are not enabled by default on client versions of Windows
#

---------------  T H R E A D  ---------------

Current thread (0x0000000005f53000):  JavaThread "C2 CompilerThread0" daemon [_thread_in_native, id=7980, stack(0x0000000006e30000,0x0000000006f30000)]

Stack: [0x0000000006e30000,0x0000000006f30000]

Current CompileTask:
C2:    893   18             java.awt.MultipleGradientPaintContext::indexIntoGradientsArrays (190 bytes)


---------------  P R O C E S S  ---------------

Java Threads: ( => current thread )
  0x00000000002fb000 JavaThread "DestroyJavaVM" [_thread_blocked, id=8772, stack(0x0000000002210000,0x0000000002310000)]
  0x000000000766c000 JavaThread "AWT-EventQueue-0" [_thread_in_native, id=2648, stack(0x0000000007a60000,0x0000000007b60000)]
  0x0000000006056000 JavaThread "AWT-Windows" daemon [_thread_in_native, id=1652, stack(0x00000000064c0000,0x00000000065c0000)]
  0x0000000006051000 JavaThread "AWT-Shutdown" [_thread_blocked, id=2896, stack(0x00000000074b0000,0x00000000075b0000)]
  0x0000000006050000 JavaThread "Java2D Disposer" daemon [_thread_blocked, id=8200, stack(0x0000000007370000,0x0000000007470000)]
  0x0000000005f5a800 JavaThread "Service Thread" daemon [_thread_blocked, id=7612, stack(0x0000000006fb0000,0x00000000070b0000)]
  0x0000000005f58000 JavaThread "C2 CompilerThread1" daemon [_thread_blocked, id=5388, stack(0x0000000006d30000,0x0000000006e30000)]
=>0x0000000005f53000 JavaThread "C2 CompilerThread0" daemon [_thread_in_native, id=7980, stack(0x0000000006e30000,0x0000000006f30000)]
  0x0000000005f51000 JavaThread "Attach Listener" daemon [_thread_blocked, id=9180, stack(0x0000000006750000,0x0000000006850000)]
  0x0000000005f4b800 JavaThread "Signal Dispatcher" daemon [_thread_blocked, id=580, stack(0x0000000006c30000,0x0000000006d30000)]
  0x0000000001e13800 JavaThread "Finalizer" daemon [_thread_blocked, id=8024, stack(0x0000000006a30000,0x0000000006b30000)]
  0x0000000001e0c800 JavaThread "Reference Handler" daemon [_thread_blocked, id=8876, stack(0x0000000006870000,0x0000000006970000)]

Other Threads:
  0x0000000001e05000 VMThread [stack: 0x00000000065d0000,0x00000000066d0000] [id=3628]
  0x0000000005f76000 WatcherThread [stack: 0x00000000071b0000,0x00000000072b0000] [id=2960]

VM state:not at safepoint (normal execution)

VM Mutex/Monitor currently owned by a thread: None

Heap
 PSYoungGen      total 19136K, used 6905K [0x00000000eaab0000, 0x00000000ec000000, 0x0000000100000000)
  eden space 16448K, 41% used [0x00000000eaab0000,0x00000000eb16e510,0x00000000ebac0000)
  from space 2688K, 0% used [0x00000000ebd60000,0x00000000ebd60000,0x00000000ec000000)
  to   space 2688K, 0% used [0x00000000ebac0000,0x00000000ebac0000,0x00000000ebd60000)
 PSOldGen        total 43712K, used 0K [0x00000000c0000000, 0x00000000c2ab0000, 0x00000000eaab0000)
  object space 43712K, 0% used [0x00000000c0000000,0x00000000c0000000,0x00000000c2ab0000)
 PSPermGen       total 21248K, used 11311K [0x00000000bae00000, 0x00000000bc2c0000, 0x00000000c0000000)
  object space 21248K, 53% used [0x00000000bae00000,0x00000000bb90be60,0x00000000bc2c0000)

Code Cache  [0x00000000023a0000, 0x0000000002610000, 0x00000000053a0000)
 total_blobs=434 nmethods=17 adapters=368 free_code_cache=48630Kb largest_free_block=49784320

Dynamic libraries:
0x000000013fcd0000 - 0x000000013fd03000 	C:\Program Files\Java\jdk1.7.0\bin\java.exe
0x0000000076fc0000 - 0x0000000077169000 	C:\Windows\SYSTEM32\ntdll.dll
0x0000000076d50000 - 0x0000000076e6f000 	C:\Windows\system32\kernel32.dll
0x000007fefd780000 - 0x000007fefd7ec000 	C:\Windows\system32\KERNELBASE.dll
0x000007fefecd0000 - 0x000007fefedab000 	C:\Windows\system32\ADVAPI32.dll
0x000007fefedd0000 - 0x000007fefee6f000 	C:\Windows\system32\msvcrt.dll
0x000007fefd950000 - 0x000007fefd96f000 	C:\Windows\SYSTEM32\sechost.dll
0x000007fefef90000 - 0x000007feff0bd000 	C:\Windows\system32\RPCRT4.dll
0x0000000076c50000 - 0x0000000076d4a000 	C:\Windows\system32\USER32.dll
0x000007feff260000 - 0x000007feff2c7000 	C:\Windows\system32\GDI32.dll
0x000007feff250000 - 0x000007feff25e000 	C:\Windows\system32\LPK.dll
0x000007fefde70000 - 0x000007fefdf39000 	C:\Windows\system32\USP10.dll
0x000007fefbd70000 - 0x000007fefbf64000 	C:\Windows\WinSxS\amd64_microsoft.windows.common-controls_6595b64144ccf1df_6.0.7601.17514_none_fa396087175ac9ac\COMCTL32.dll
0x000007feff0c0000 - 0x000007feff131000 	C:\Windows\system32\SHLWAPI.dll
0x000007feff140000 - 0x000007feff16e000 	C:\Windows\system32\IMM32.DLL
0x000007fefdd60000 - 0x000007fefde69000 	C:\Windows\system32\MSCTF.dll
0x000000006a770000 - 0x000000006a841000 	C:\Program Files\Java\jdk1.7.0\jre\bin\msvcr100.dll
0x0000000058b90000 - 0x000000005925e000 	C:\Program Files\Java\jdk1.7.0\jre\bin\server\jvm.dll
0x000007fef82d0000 - 0x000007fef82d9000 	C:\Windows\system32\WSOCK32.dll
0x000007fefd900000 - 0x000007fefd94d000 	C:\Windows\system32\WS2_32.dll
0x000007fefd850000 - 0x000007fefd858000 	C:\Windows\system32\NSI.dll
0x000007fef9fc0000 - 0x000007fef9ffb000 	C:\Windows\system32\WINMM.dll
0x0000000077190000 - 0x0000000077197000 	C:\Windows\system32\PSAPI.DLL
0x0000000071f70000 - 0x0000000071f7f000 	C:\Program Files\Java\jdk1.7.0\jre\bin\verify.dll
0x000000006e1d0000 - 0x000000006e1f8000 	C:\Program Files\Java\jdk1.7.0\jre\bin\java.dll
0x0000000071f50000 - 0x0000000071f65000 	C:\Program Files\Java\jdk1.7.0\jre\bin\zip.dll
0x0000000069e70000 - 0x000000006a003000 	C:\Program Files\Java\jdk1.7.0\jre\bin\awt.dll
0x000007feff170000 - 0x000007feff247000 	C:\Windows\system32\OLEAUT32.dll
0x000007fefd970000 - 0x000007fefdb73000 	C:\Windows\system32\ole32.dll
0x000007fefb9f0000 - 0x000007fefba46000 	C:\Windows\system32\uxtheme.dll
0x000007fefc680000 - 0x000007fefc698000 	C:\Windows\system32\dwmapi.dll
0x000007fefd350000 - 0x000007fefd35f000 	C:\Windows\system32\CRYPTBASE.dll
0x000007fefdf40000 - 0x000007fefecc8000 	C:\Windows\system32\SHELL32.dll
0x000000006aa70000 - 0x000000006aaa4000 	C:\Program Files\Java\jdk1.7.0\jre\bin\fontmanager.dll
0x000007fef46c0000 - 0x000007fef48bf000 	C:\Windows\system32\d3d9.dll
0x000007fefc330000 - 0x000007fefc33c000 	C:\Windows\system32\VERSION.dll
0x000007fefb3d0000 - 0x000007fefb3d7000 	C:\Windows\system32\d3d8thk.dll
0x000007fee8170000 - 0x000007fee907f000 	C:\Windows\system32\nvd3dumx.dll
0x000000006bfa0000 - 0x000000006bfb9000 	C:\Program Files\Java\jdk1.7.0\jre\bin\net.dll
0x000007fefcc90000 - 0x000007fefcce5000 	C:\Windows\system32\mswsock.dll
0x000007fefcc80000 - 0x000007fefcc87000 	C:\Windows\System32\wship6.dll
0x000000006aab0000 - 0x000000006aac1000 	C:\Program Files\Java\jdk1.7.0\jre\bin\nio.dll
0x000000006aa20000 - 0x000000006aa61000 	C:\Program Files\Java\jdk1.7.0\jre\bin\t2k.dll
0x000007fefd860000 - 0x000007fefd8f9000 	C:\Windows\system32\CLBCatQ.DLL
0x000007fefa9e0000 - 0x000007fefab0a000 	C:\Windows\system32\WindowsCodecs.dll
0x000007fefd2f0000 - 0x000007fefd347000 	C:\Windows\system32\apphelp.dll
0x000000006ef60000 - 0x000000006ef76000 	C:\Program Files\Common Files\TortoiseOverlays\TortoiseOverlays.dll
0x0000000180000000 - 0x000000018007b000 	C:\Program Files\TortoiseHg\ThgShellx64.dll
0x000007fef69e0000 - 0x000007fef6cf6000 	C:\Windows\system32\msi.dll
0x0000000010000000 - 0x000000001001c000 	C:\Users\Proficience\AppData\Roaming\Dropbox\bin\DropboxExt64.14.dll
0x000007fef48c0000 - 0x000007fef49e5000 	C:\Windows\system32\dbghelp.dll
0x000007fef3cb0000 - 0x000007fef3d46000 	C:\Windows\system32\msvcp60.dll
0x000007fef3c70000 - 0x000007fef3ca5000 	C:\Windows\system32\EhStorShell.dll
0x000007fefdb80000 - 0x000007fefdd57000 	C:\Windows\system32\SETUPAPI.dll
0x000007fefd740000 - 0x000007fefd776000 	C:\Windows\system32\CFGMGR32.dll
0x000007fefd680000 - 0x000007fefd69a000 	C:\Windows\system32\DEVOBJ.dll
0x000007fefba50000 - 0x000007fefbb7c000 	C:\Windows\system32\PROPSYS.dll
0x000007fef35f0000 - 0x000007fef3c62000 	C:\PROGRA~1\MICROS~3\Office14\GROOVEEX.DLL
0x000000006eeb0000 - 0x000000006ef53000 	C:\Windows\WinSxS\amd64_microsoft.vc90.crt_1fc8b3b9a1e18e3b_9.0.30729.6161_none_08e61857a83bc251\MSVCR90.dll
0x000000006edd0000 - 0x000000006eea3000 	C:\Windows\WinSxS\amd64_microsoft.vc90.crt_1fc8b3b9a1e18e3b_9.0.30729.6161_none_08e61857a83bc251\MSVCP90.dll
0x000000006eda0000 - 0x000000006edcf000 	C:\Windows\WinSxS\amd64_microsoft.vc90.atl_1fc8b3b9a1e18e3b_9.0.30729.6161_none_0a1fd3a3a768b895\ATL90.DLL
0x000007fef31d0000 - 0x000007fef35ea000 	C:\PROGRA~1\COMMON~1\MICROS~1\OFFICE14\Cultures\office.odf
0x000007fef2960000 - 0x000007fef31c5000 	C:\PROGRA~1\MICROS~3\Office14\1033\GrooveIntlResource.dll
0x000007fefa8d0000 - 0x000007fefa8d8000 	C:\Program Files (x86)\Internet Download Manager\IDMShellExt64.dll
0x000007fef0e10000 - 0x000007fef0e8e000 	C:\Windows\System32\cscui.dll
0x000007fefa7b0000 - 0x000007fefa7bc000 	C:\Windows\System32\CSCDLL.dll
0x000007fef6f50000 - 0x000007fef6f5f000 	C:\Windows\system32\CSCAPI.dll
0x000007fefa940000 - 0x000007fefa9c0000 	C:\Windows\system32\ntshrui.dll
0x000007fefcf00000 - 0x000007fefcf23000 	C:\Windows\system32\srvcli.dll
0x000007fef9dc0000 - 0x000007fef9dcb000 	C:\Windows\system32\slc.dll
0x0000000062df0000 - 0x0000000062e40000 	C:\Program Files\UltraMon\RTSUltraMonHook.dll
0x0000000071ab0000 - 0x0000000071b01000 	C:\Program Files\UltraMon\UltraMonResButtons.dll
0x000007fefb7a0000 - 0x000007fefb9b6000 	C:\Windows\WinSxS\amd64_microsoft.windows.gdiplus_6595b64144ccf1df_1.1.7601.17825_none_2b253c8271ec7765\gdiplus.dll
0x000000006a9f0000 - 0x000000006aa1a000 	C:\Program Files\Java\jdk1.7.0\jre\bin\dcpr.dll

VM Arguments:
jvm_args: -Dfile.encoding=UTF-8 
java_command: groupass.ReportsPage
Launcher Type: SUN_STANDARD

Environment Variables:
CLASSPATH=.;C:\Program Files (x86)\Java\jre6\lib\ext\QTJava.zip
PATH=C:\Program Files (x86)\NVIDIA Corporation\PhysX\Common;C:\Program Files\Common Files\Microsoft Shared\Windows Live;C:\Program Files (x86)\Common Files\Microsoft Shared\Windows Live;C:\Windows\system32;C:\Windows;C:\Windows\System32\Wbem;C:\Windows\System32\WindowsPowerShell\v1.0\;C:\Program Files (x86)\Windows Live\Shared;C:\Program Files (x86)\QuickTime\QTSystem\;C:\Users\Proficience\AppData\Local\Smartbar\Application\;C:\Program Files\TortoiseHg\
USERNAME=Proficience
OS=Windows_NT
PROCESSOR_IDENTIFIER=Intel64 Family 6 Model 23 Stepping 7, GenuineIntel



---------------  S Y S T E M  ---------------

OS: Windows 7 , 64 bit Build 7601 Service Pack 1

CPU:total 4 (4 cores per cpu, 1 threads per core) family 6 model 23 stepping 7, cmov, cx8, fxsr, mmx, sse, sse2, sse3, ssse3, sse4.1

Memory: 4k page, physical 4192756k(627636k free), swap 4190904k(5052k free)

vm_info: Java HotSpot(TM) 64-Bit Server VM (21.0-b17) for windows-amd64 JRE (1.7.0-b147), built on Jun 27 2011 02:19:45 by "java_re" with unknown MS VC++:1600

time: Sat May 26 22:57:01 2012
elapsed time: 0 seconds

